<?xml version="1.0" encoding="UTF-8"?>
<!-- Generated by org.testng.reporters.JUnitReportReporter -->
<testsuite hostname="DESKTOP-KFN922T" failures="0" tests="1" name="restAssuredTests.DemoTest_GetRequest" time="5.831" errors="0" timestamp="2023-04-10T19:14:26 IST" skipped="0">
  <testcase classname="restAssuredTests.DemoTest_GetRequest" name="GetphoneDeatails" time="5.831"/>
  <system-out/>
</testsuite> <!-- restAssuredTests.DemoTest_GetRequest -->
