<?xml version="1.0" encoding="UTF-8"?>
<!-- Generated by org.testng.reporters.JUnitReportReporter -->
<testsuite hostname="DESKTOP-KFN922T" failures="0" tests="1" name="restAssuredTests.DemoTest_PostRequest" time="4.092" errors="0" timestamp="2023-04-12T15:46:46 IST" skipped="0">
  <testcase classname="restAssuredTests.DemoTest_PostRequest" name="userDetails" time="4.092"/>
  <system-out/>
</testsuite> <!-- restAssuredTests.DemoTest_PostRequest -->
